ARM GAS  /tmp/ccWddMPJ.s 			page 1


   1              		.cpu cortex-m4
   2              		.arch armv7e-m
   3              		.fpu fpv4-sp-d16
   4              		.eabi_attribute 27, 1
   5              		.eabi_attribute 28, 1
   6              		.eabi_attribute 20, 1
   7              		.eabi_attribute 21, 1
   8              		.eabi_attribute 23, 3
   9              		.eabi_attribute 24, 1
  10              		.eabi_attribute 25, 1
  11              		.eabi_attribute 26, 1
  12              		.eabi_attribute 30, 1
  13              		.eabi_attribute 34, 1
  14              		.eabi_attribute 18, 4
  15              		.file	"main.c"
  16              		.text
  17              	.Ltext0:
  18              		.cfi_sections	.debug_frame
  19              		.file 1 "Core/Src/main.c"
  20              		.section	.text.Error_Handler,"ax",%progbits
  21              		.align	1
  22              		.global	Error_Handler
  23              		.syntax unified
  24              		.thumb
  25              		.thumb_func
  27              	Error_Handler:
  28              	.LFB132:
   1:Core/Src/main.c **** /* USER CODE BEGIN Header */
   2:Core/Src/main.c **** /**
   3:Core/Src/main.c ****   ******************************************************************************
   4:Core/Src/main.c ****   * @file           : main.c
   5:Core/Src/main.c ****   * @brief          : Main program body
   6:Core/Src/main.c ****   ******************************************************************************
   7:Core/Src/main.c ****   * @attention
   8:Core/Src/main.c ****   *
   9:Core/Src/main.c ****   * Copyright (c) 2022 STMicroelectronics.
  10:Core/Src/main.c ****   * All rights reserved.
  11:Core/Src/main.c ****   *
  12:Core/Src/main.c ****   * This software is licensed under terms that can be found in the LICENSE file
  13:Core/Src/main.c ****   * in the root directory of this software component.
  14:Core/Src/main.c ****   * If no LICENSE file comes with this software, it is provided AS-IS.
  15:Core/Src/main.c ****   *
  16:Core/Src/main.c ****   ******************************************************************************
  17:Core/Src/main.c ****   */
  18:Core/Src/main.c **** /* USER CODE END Header */
  19:Core/Src/main.c **** /* Includes ------------------------------------------------------------------*/
  20:Core/Src/main.c **** #include "main.h"
  21:Core/Src/main.c **** #include "gpio.h"
  22:Core/Src/main.c **** 
  23:Core/Src/main.c **** /* Private includes ----------------------------------------------------------*/
  24:Core/Src/main.c **** /* USER CODE BEGIN Includes */
  25:Core/Src/main.c **** 
  26:Core/Src/main.c **** /* USER CODE END Includes */
  27:Core/Src/main.c **** 
  28:Core/Src/main.c **** /* Private typedef -----------------------------------------------------------*/
  29:Core/Src/main.c **** /* USER CODE BEGIN PTD */
  30:Core/Src/main.c **** 
ARM GAS  /tmp/ccWddMPJ.s 			page 2


  31:Core/Src/main.c **** /* USER CODE END PTD */
  32:Core/Src/main.c **** 
  33:Core/Src/main.c **** /* Private define ------------------------------------------------------------*/
  34:Core/Src/main.c **** /* USER CODE BEGIN PD */
  35:Core/Src/main.c **** /* USER CODE END PD */
  36:Core/Src/main.c **** 
  37:Core/Src/main.c **** /* Private macro -------------------------------------------------------------*/
  38:Core/Src/main.c **** /* USER CODE BEGIN PM */
  39:Core/Src/main.c **** 
  40:Core/Src/main.c **** /* USER CODE END PM */
  41:Core/Src/main.c **** 
  42:Core/Src/main.c **** /* Private variables ---------------------------------------------------------*/
  43:Core/Src/main.c **** 
  44:Core/Src/main.c **** /* USER CODE BEGIN PV */
  45:Core/Src/main.c **** 
  46:Core/Src/main.c **** /* USER CODE END PV */
  47:Core/Src/main.c **** 
  48:Core/Src/main.c **** /* Private function prototypes -----------------------------------------------*/
  49:Core/Src/main.c **** void SystemClock_Config(void);
  50:Core/Src/main.c **** /* USER CODE BEGIN PFP */
  51:Core/Src/main.c **** 
  52:Core/Src/main.c **** /* USER CODE END PFP */
  53:Core/Src/main.c **** 
  54:Core/Src/main.c **** /* Private user code ---------------------------------------------------------*/
  55:Core/Src/main.c **** /* USER CODE BEGIN 0 */
  56:Core/Src/main.c **** int main(void) {
  57:Core/Src/main.c ****     
  58:Core/Src/main.c ****     HAL_Init();
  59:Core/Src/main.c ****     SystemClock_Config();
  60:Core/Src/main.c ****     MX_GPIO_Init();
  61:Core/Src/main.c ****     gpio_led_state(GPIO_RED_ID, TURN_ON);
  62:Core/Src/main.c ****     gpio_led_state(GPIO_GREEN_ID, TURN_ON);
  63:Core/Src/main.c **** 
  64:Core/Src/main.c ****     uint32_t i;
  65:Core/Src/main.c ****     while(1) {
  66:Core/Src/main.c ****         for (i = 0; i < 1000000; i++);
  67:Core/Src/main.c ****         gpio_led_state(GPIO_GREEN_ID, TURN_OFF);
  68:Core/Src/main.c ****         gpio_led_state(GPIO_RED_ID, TURN_ON);
  69:Core/Src/main.c **** 
  70:Core/Src/main.c ****         for ( i = 0; i < 1000000; i++);
  71:Core/Src/main.c ****         gpio_led_state(GPIO_GREEN_ID, TURN_ON);
  72:Core/Src/main.c ****         gpio_led_state(GPIO_RED_ID, TURN_OFF);
  73:Core/Src/main.c **** 
  74:Core/Src/main.c ****     }
  75:Core/Src/main.c **** 
  76:Core/Src/main.c **** }
  77:Core/Src/main.c **** 
  78:Core/Src/main.c **** /* USER CODE END 0 */
  79:Core/Src/main.c **** 
  80:Core/Src/main.c **** /**
  81:Core/Src/main.c ****   * @brief  The application entry point.
  82:Core/Src/main.c ****   * @retval int
  83:Core/Src/main.c ****   */
  84:Core/Src/main.c **** 
  85:Core/Src/main.c **** /**
  86:Core/Src/main.c ****   * @brief System Clock Configuration
  87:Core/Src/main.c ****   * @retval None
ARM GAS  /tmp/ccWddMPJ.s 			page 3


  88:Core/Src/main.c ****   */
  89:Core/Src/main.c **** void SystemClock_Config(void)
  90:Core/Src/main.c **** {
  91:Core/Src/main.c ****   RCC_OscInitTypeDef RCC_OscInitStruct = {0};
  92:Core/Src/main.c ****   RCC_ClkInitTypeDef RCC_ClkInitStruct = {0};
  93:Core/Src/main.c **** 
  94:Core/Src/main.c ****   /** Configure the main internal regulator output voltage
  95:Core/Src/main.c ****   */
  96:Core/Src/main.c ****   __HAL_RCC_PWR_CLK_ENABLE();
  97:Core/Src/main.c ****   __HAL_PWR_VOLTAGESCALING_CONFIG(PWR_REGULATOR_VOLTAGE_SCALE3);
  98:Core/Src/main.c **** 
  99:Core/Src/main.c ****   /** Initializes the RCC Oscillators according to the specified parameters
 100:Core/Src/main.c ****   * in the RCC_OscInitTypeDef structure.
 101:Core/Src/main.c ****   */
 102:Core/Src/main.c ****   RCC_OscInitStruct.OscillatorType = RCC_OSCILLATORTYPE_HSE;
 103:Core/Src/main.c ****   RCC_OscInitStruct.HSEState = RCC_HSE_ON;
 104:Core/Src/main.c ****   RCC_OscInitStruct.PLL.PLLState = RCC_PLL_ON;
 105:Core/Src/main.c ****   RCC_OscInitStruct.PLL.PLLSource = RCC_PLLSOURCE_HSE;
 106:Core/Src/main.c ****   RCC_OscInitStruct.PLL.PLLM = 4;
 107:Core/Src/main.c ****   RCC_OscInitStruct.PLL.PLLN = 50;
 108:Core/Src/main.c ****   RCC_OscInitStruct.PLL.PLLP = RCC_PLLP_DIV2;
 109:Core/Src/main.c ****   RCC_OscInitStruct.PLL.PLLQ = 4;
 110:Core/Src/main.c ****   if (HAL_RCC_OscConfig(&RCC_OscInitStruct) != HAL_OK)
 111:Core/Src/main.c ****   {
 112:Core/Src/main.c ****     Error_Handler();
 113:Core/Src/main.c ****   }
 114:Core/Src/main.c **** 
 115:Core/Src/main.c ****   /** Initializes the CPU, AHB and APB buses clocks
 116:Core/Src/main.c ****   */
 117:Core/Src/main.c ****   RCC_ClkInitStruct.ClockType = RCC_CLOCKTYPE_HCLK|RCC_CLOCKTYPE_SYSCLK
 118:Core/Src/main.c ****                               |RCC_CLOCKTYPE_PCLK1|RCC_CLOCKTYPE_PCLK2;
 119:Core/Src/main.c ****   RCC_ClkInitStruct.SYSCLKSource = RCC_SYSCLKSOURCE_PLLCLK;
 120:Core/Src/main.c ****   RCC_ClkInitStruct.AHBCLKDivider = RCC_SYSCLK_DIV1;
 121:Core/Src/main.c ****   RCC_ClkInitStruct.APB1CLKDivider = RCC_HCLK_DIV2;
 122:Core/Src/main.c ****   RCC_ClkInitStruct.APB2CLKDivider = RCC_HCLK_DIV1;
 123:Core/Src/main.c **** 
 124:Core/Src/main.c ****   if (HAL_RCC_ClockConfig(&RCC_ClkInitStruct, FLASH_LATENCY_1) != HAL_OK)
 125:Core/Src/main.c ****   {
 126:Core/Src/main.c ****     Error_Handler();
 127:Core/Src/main.c ****   }
 128:Core/Src/main.c **** }
 129:Core/Src/main.c **** 
 130:Core/Src/main.c **** /* USER CODE BEGIN 4 */
 131:Core/Src/main.c **** 
 132:Core/Src/main.c **** /* USER CODE END 4 */
 133:Core/Src/main.c **** 
 134:Core/Src/main.c **** /**
 135:Core/Src/main.c ****   * @brief  This function is executed in case of error occurrence.
 136:Core/Src/main.c ****   * @retval None
 137:Core/Src/main.c ****   */
 138:Core/Src/main.c **** void Error_Handler(void)
 139:Core/Src/main.c **** {
  29              		.loc 1 139 1 view -0
  30              		.cfi_startproc
  31              		@ Volatile: function does not return.
  32              		@ args = 0, pretend = 0, frame = 0
  33              		@ frame_needed = 0, uses_anonymous_args = 0
ARM GAS  /tmp/ccWddMPJ.s 			page 4


  34              		@ link register save eliminated.
 140:Core/Src/main.c ****   /* USER CODE BEGIN Error_Handler_Debug */
 141:Core/Src/main.c ****   /* User can add his own implementation to report the HAL error return state */
 142:Core/Src/main.c ****   __disable_irq();
  35              		.loc 1 142 3 view .LVU1
  36              	.LBB4:
  37              	.LBI4:
  38              		.file 2 "Drivers/CMSIS/Include/cmsis_gcc.h"
   1:Drivers/CMSIS/Include/cmsis_gcc.h **** /**************************************************************************//**
   2:Drivers/CMSIS/Include/cmsis_gcc.h ****  * @file     cmsis_gcc.h
   3:Drivers/CMSIS/Include/cmsis_gcc.h ****  * @brief    CMSIS compiler GCC header file
   4:Drivers/CMSIS/Include/cmsis_gcc.h ****  * @version  V5.0.4
   5:Drivers/CMSIS/Include/cmsis_gcc.h ****  * @date     09. April 2018
   6:Drivers/CMSIS/Include/cmsis_gcc.h ****  ******************************************************************************/
   7:Drivers/CMSIS/Include/cmsis_gcc.h **** /*
   8:Drivers/CMSIS/Include/cmsis_gcc.h ****  * Copyright (c) 2009-2018 Arm Limited. All rights reserved.
   9:Drivers/CMSIS/Include/cmsis_gcc.h ****  *
  10:Drivers/CMSIS/Include/cmsis_gcc.h ****  * SPDX-License-Identifier: Apache-2.0
  11:Drivers/CMSIS/Include/cmsis_gcc.h ****  *
  12:Drivers/CMSIS/Include/cmsis_gcc.h ****  * Licensed under the Apache License, Version 2.0 (the License); you may
  13:Drivers/CMSIS/Include/cmsis_gcc.h ****  * not use this file except in compliance with the License.
  14:Drivers/CMSIS/Include/cmsis_gcc.h ****  * You may obtain a copy of the License at
  15:Drivers/CMSIS/Include/cmsis_gcc.h ****  *
  16:Drivers/CMSIS/Include/cmsis_gcc.h ****  * www.apache.org/licenses/LICENSE-2.0
  17:Drivers/CMSIS/Include/cmsis_gcc.h ****  *
  18:Drivers/CMSIS/Include/cmsis_gcc.h ****  * Unless required by applicable law or agreed to in writing, software
  19:Drivers/CMSIS/Include/cmsis_gcc.h ****  * distributed under the License is distributed on an AS IS BASIS, WITHOUT
  20:Drivers/CMSIS/Include/cmsis_gcc.h ****  * WARRANTIES OR CONDITIONS OF ANY KIND, either express or implied.
  21:Drivers/CMSIS/Include/cmsis_gcc.h ****  * See the License for the specific language governing permissions and
  22:Drivers/CMSIS/Include/cmsis_gcc.h ****  * limitations under the License.
  23:Drivers/CMSIS/Include/cmsis_gcc.h ****  */
  24:Drivers/CMSIS/Include/cmsis_gcc.h **** 
  25:Drivers/CMSIS/Include/cmsis_gcc.h **** #ifndef __CMSIS_GCC_H
  26:Drivers/CMSIS/Include/cmsis_gcc.h **** #define __CMSIS_GCC_H
  27:Drivers/CMSIS/Include/cmsis_gcc.h **** 
  28:Drivers/CMSIS/Include/cmsis_gcc.h **** /* ignore some GCC warnings */
  29:Drivers/CMSIS/Include/cmsis_gcc.h **** #pragma GCC diagnostic push
  30:Drivers/CMSIS/Include/cmsis_gcc.h **** #pragma GCC diagnostic ignored "-Wsign-conversion"
  31:Drivers/CMSIS/Include/cmsis_gcc.h **** #pragma GCC diagnostic ignored "-Wconversion"
  32:Drivers/CMSIS/Include/cmsis_gcc.h **** #pragma GCC diagnostic ignored "-Wunused-parameter"
  33:Drivers/CMSIS/Include/cmsis_gcc.h **** 
  34:Drivers/CMSIS/Include/cmsis_gcc.h **** /* Fallback for __has_builtin */
  35:Drivers/CMSIS/Include/cmsis_gcc.h **** #ifndef __has_builtin
  36:Drivers/CMSIS/Include/cmsis_gcc.h ****   #define __has_builtin(x) (0)
  37:Drivers/CMSIS/Include/cmsis_gcc.h **** #endif
  38:Drivers/CMSIS/Include/cmsis_gcc.h **** 
  39:Drivers/CMSIS/Include/cmsis_gcc.h **** /* CMSIS compiler specific defines */
  40:Drivers/CMSIS/Include/cmsis_gcc.h **** #ifndef   __ASM
  41:Drivers/CMSIS/Include/cmsis_gcc.h ****   #define __ASM                                  __asm
  42:Drivers/CMSIS/Include/cmsis_gcc.h **** #endif
  43:Drivers/CMSIS/Include/cmsis_gcc.h **** #ifndef   __INLINE
  44:Drivers/CMSIS/Include/cmsis_gcc.h ****   #define __INLINE                               inline
  45:Drivers/CMSIS/Include/cmsis_gcc.h **** #endif
  46:Drivers/CMSIS/Include/cmsis_gcc.h **** #ifndef   __STATIC_INLINE
  47:Drivers/CMSIS/Include/cmsis_gcc.h ****   #define __STATIC_INLINE                        static inline
  48:Drivers/CMSIS/Include/cmsis_gcc.h **** #endif
  49:Drivers/CMSIS/Include/cmsis_gcc.h **** #ifndef   __STATIC_FORCEINLINE                 
ARM GAS  /tmp/ccWddMPJ.s 			page 5


  50:Drivers/CMSIS/Include/cmsis_gcc.h ****   #define __STATIC_FORCEINLINE                   __attribute__((always_inline)) static inline
  51:Drivers/CMSIS/Include/cmsis_gcc.h **** #endif                                           
  52:Drivers/CMSIS/Include/cmsis_gcc.h **** #ifndef   __NO_RETURN
  53:Drivers/CMSIS/Include/cmsis_gcc.h ****   #define __NO_RETURN                            __attribute__((__noreturn__))
  54:Drivers/CMSIS/Include/cmsis_gcc.h **** #endif
  55:Drivers/CMSIS/Include/cmsis_gcc.h **** #ifndef   __USED
  56:Drivers/CMSIS/Include/cmsis_gcc.h ****   #define __USED                                 __attribute__((used))
  57:Drivers/CMSIS/Include/cmsis_gcc.h **** #endif
  58:Drivers/CMSIS/Include/cmsis_gcc.h **** #ifndef   __WEAK
  59:Drivers/CMSIS/Include/cmsis_gcc.h ****   #define __WEAK                                 __attribute__((weak))
  60:Drivers/CMSIS/Include/cmsis_gcc.h **** #endif
  61:Drivers/CMSIS/Include/cmsis_gcc.h **** #ifndef   __PACKED
  62:Drivers/CMSIS/Include/cmsis_gcc.h ****   #define __PACKED                               __attribute__((packed, aligned(1)))
  63:Drivers/CMSIS/Include/cmsis_gcc.h **** #endif
  64:Drivers/CMSIS/Include/cmsis_gcc.h **** #ifndef   __PACKED_STRUCT
  65:Drivers/CMSIS/Include/cmsis_gcc.h ****   #define __PACKED_STRUCT                        struct __attribute__((packed, aligned(1)))
  66:Drivers/CMSIS/Include/cmsis_gcc.h **** #endif
  67:Drivers/CMSIS/Include/cmsis_gcc.h **** #ifndef   __PACKED_UNION
  68:Drivers/CMSIS/Include/cmsis_gcc.h ****   #define __PACKED_UNION                         union __attribute__((packed, aligned(1)))
  69:Drivers/CMSIS/Include/cmsis_gcc.h **** #endif
  70:Drivers/CMSIS/Include/cmsis_gcc.h **** #ifndef   __UNALIGNED_UINT32        /* deprecated */
  71:Drivers/CMSIS/Include/cmsis_gcc.h ****   #pragma GCC diagnostic push
  72:Drivers/CMSIS/Include/cmsis_gcc.h ****   #pragma GCC diagnostic ignored "-Wpacked"
  73:Drivers/CMSIS/Include/cmsis_gcc.h ****   #pragma GCC diagnostic ignored "-Wattributes"
  74:Drivers/CMSIS/Include/cmsis_gcc.h ****   struct __attribute__((packed)) T_UINT32 { uint32_t v; };
  75:Drivers/CMSIS/Include/cmsis_gcc.h ****   #pragma GCC diagnostic pop
  76:Drivers/CMSIS/Include/cmsis_gcc.h ****   #define __UNALIGNED_UINT32(x)                  (((struct T_UINT32 *)(x))->v)
  77:Drivers/CMSIS/Include/cmsis_gcc.h **** #endif
  78:Drivers/CMSIS/Include/cmsis_gcc.h **** #ifndef   __UNALIGNED_UINT16_WRITE
  79:Drivers/CMSIS/Include/cmsis_gcc.h ****   #pragma GCC diagnostic push
  80:Drivers/CMSIS/Include/cmsis_gcc.h ****   #pragma GCC diagnostic ignored "-Wpacked"
  81:Drivers/CMSIS/Include/cmsis_gcc.h ****   #pragma GCC diagnostic ignored "-Wattributes"
  82:Drivers/CMSIS/Include/cmsis_gcc.h ****   __PACKED_STRUCT T_UINT16_WRITE { uint16_t v; };
  83:Drivers/CMSIS/Include/cmsis_gcc.h ****   #pragma GCC diagnostic pop
  84:Drivers/CMSIS/Include/cmsis_gcc.h ****   #define __UNALIGNED_UINT16_WRITE(addr, val)    (void)((((struct T_UINT16_WRITE *)(void *)(addr))-
  85:Drivers/CMSIS/Include/cmsis_gcc.h **** #endif
  86:Drivers/CMSIS/Include/cmsis_gcc.h **** #ifndef   __UNALIGNED_UINT16_READ
  87:Drivers/CMSIS/Include/cmsis_gcc.h ****   #pragma GCC diagnostic push
  88:Drivers/CMSIS/Include/cmsis_gcc.h ****   #pragma GCC diagnostic ignored "-Wpacked"
  89:Drivers/CMSIS/Include/cmsis_gcc.h ****   #pragma GCC diagnostic ignored "-Wattributes"
  90:Drivers/CMSIS/Include/cmsis_gcc.h ****   __PACKED_STRUCT T_UINT16_READ { uint16_t v; };
  91:Drivers/CMSIS/Include/cmsis_gcc.h ****   #pragma GCC diagnostic pop
  92:Drivers/CMSIS/Include/cmsis_gcc.h ****   #define __UNALIGNED_UINT16_READ(addr)          (((const struct T_UINT16_READ *)(const void *)(add
  93:Drivers/CMSIS/Include/cmsis_gcc.h **** #endif
  94:Drivers/CMSIS/Include/cmsis_gcc.h **** #ifndef   __UNALIGNED_UINT32_WRITE
  95:Drivers/CMSIS/Include/cmsis_gcc.h ****   #pragma GCC diagnostic push
  96:Drivers/CMSIS/Include/cmsis_gcc.h ****   #pragma GCC diagnostic ignored "-Wpacked"
  97:Drivers/CMSIS/Include/cmsis_gcc.h ****   #pragma GCC diagnostic ignored "-Wattributes"
  98:Drivers/CMSIS/Include/cmsis_gcc.h ****   __PACKED_STRUCT T_UINT32_WRITE { uint32_t v; };
  99:Drivers/CMSIS/Include/cmsis_gcc.h ****   #pragma GCC diagnostic pop
 100:Drivers/CMSIS/Include/cmsis_gcc.h ****   #define __UNALIGNED_UINT32_WRITE(addr, val)    (void)((((struct T_UINT32_WRITE *)(void *)(addr))-
 101:Drivers/CMSIS/Include/cmsis_gcc.h **** #endif
 102:Drivers/CMSIS/Include/cmsis_gcc.h **** #ifndef   __UNALIGNED_UINT32_READ
 103:Drivers/CMSIS/Include/cmsis_gcc.h ****   #pragma GCC diagnostic push
 104:Drivers/CMSIS/Include/cmsis_gcc.h ****   #pragma GCC diagnostic ignored "-Wpacked"
 105:Drivers/CMSIS/Include/cmsis_gcc.h ****   #pragma GCC diagnostic ignored "-Wattributes"
 106:Drivers/CMSIS/Include/cmsis_gcc.h ****   __PACKED_STRUCT T_UINT32_READ { uint32_t v; };
ARM GAS  /tmp/ccWddMPJ.s 			page 6


 107:Drivers/CMSIS/Include/cmsis_gcc.h ****   #pragma GCC diagnostic pop
 108:Drivers/CMSIS/Include/cmsis_gcc.h ****   #define __UNALIGNED_UINT32_READ(addr)          (((const struct T_UINT32_READ *)(const void *)(add
 109:Drivers/CMSIS/Include/cmsis_gcc.h **** #endif
 110:Drivers/CMSIS/Include/cmsis_gcc.h **** #ifndef   __ALIGNED
 111:Drivers/CMSIS/Include/cmsis_gcc.h ****   #define __ALIGNED(x)                           __attribute__((aligned(x)))
 112:Drivers/CMSIS/Include/cmsis_gcc.h **** #endif
 113:Drivers/CMSIS/Include/cmsis_gcc.h **** #ifndef   __RESTRICT
 114:Drivers/CMSIS/Include/cmsis_gcc.h ****   #define __RESTRICT                             __restrict
 115:Drivers/CMSIS/Include/cmsis_gcc.h **** #endif
 116:Drivers/CMSIS/Include/cmsis_gcc.h **** 
 117:Drivers/CMSIS/Include/cmsis_gcc.h **** 
 118:Drivers/CMSIS/Include/cmsis_gcc.h **** /* ###########################  Core Function Access  ########################### */
 119:Drivers/CMSIS/Include/cmsis_gcc.h **** /** \ingroup  CMSIS_Core_FunctionInterface
 120:Drivers/CMSIS/Include/cmsis_gcc.h ****     \defgroup CMSIS_Core_RegAccFunctions CMSIS Core Register Access Functions
 121:Drivers/CMSIS/Include/cmsis_gcc.h ****   @{
 122:Drivers/CMSIS/Include/cmsis_gcc.h ****  */
 123:Drivers/CMSIS/Include/cmsis_gcc.h **** 
 124:Drivers/CMSIS/Include/cmsis_gcc.h **** /**
 125:Drivers/CMSIS/Include/cmsis_gcc.h ****   \brief   Enable IRQ Interrupts
 126:Drivers/CMSIS/Include/cmsis_gcc.h ****   \details Enables IRQ interrupts by clearing the I-bit in the CPSR.
 127:Drivers/CMSIS/Include/cmsis_gcc.h ****            Can only be executed in Privileged modes.
 128:Drivers/CMSIS/Include/cmsis_gcc.h ****  */
 129:Drivers/CMSIS/Include/cmsis_gcc.h **** __STATIC_FORCEINLINE void __enable_irq(void)
 130:Drivers/CMSIS/Include/cmsis_gcc.h **** {
 131:Drivers/CMSIS/Include/cmsis_gcc.h ****   __ASM volatile ("cpsie i" : : : "memory");
 132:Drivers/CMSIS/Include/cmsis_gcc.h **** }
 133:Drivers/CMSIS/Include/cmsis_gcc.h **** 
 134:Drivers/CMSIS/Include/cmsis_gcc.h **** 
 135:Drivers/CMSIS/Include/cmsis_gcc.h **** /**
 136:Drivers/CMSIS/Include/cmsis_gcc.h ****   \brief   Disable IRQ Interrupts
 137:Drivers/CMSIS/Include/cmsis_gcc.h ****   \details Disables IRQ interrupts by setting the I-bit in the CPSR.
 138:Drivers/CMSIS/Include/cmsis_gcc.h ****            Can only be executed in Privileged modes.
 139:Drivers/CMSIS/Include/cmsis_gcc.h ****  */
 140:Drivers/CMSIS/Include/cmsis_gcc.h **** __STATIC_FORCEINLINE void __disable_irq(void)
  39              		.loc 2 140 27 view .LVU2
  40              	.LBB5:
 141:Drivers/CMSIS/Include/cmsis_gcc.h **** {
 142:Drivers/CMSIS/Include/cmsis_gcc.h ****   __ASM volatile ("cpsid i" : : : "memory");
  41              		.loc 2 142 3 view .LVU3
  42              		.syntax unified
  43              	@ 142 "Drivers/CMSIS/Include/cmsis_gcc.h" 1
  44 0000 72B6     		cpsid i
  45              	@ 0 "" 2
  46              		.thumb
  47              		.syntax unified
  48              	.L2:
  49              	.LBE5:
  50              	.LBE4:
 143:Core/Src/main.c ****   while (1)
  51              		.loc 1 143 3 discriminator 1 view .LVU4
 144:Core/Src/main.c ****   {
 145:Core/Src/main.c ****   }
  52              		.loc 1 145 3 discriminator 1 view .LVU5
 143:Core/Src/main.c ****   while (1)
  53              		.loc 1 143 9 discriminator 1 view .LVU6
  54 0002 FEE7     		b	.L2
  55              		.cfi_endproc
ARM GAS  /tmp/ccWddMPJ.s 			page 7


  56              	.LFE132:
  58              		.section	.text.SystemClock_Config,"ax",%progbits
  59              		.align	1
  60              		.global	SystemClock_Config
  61              		.syntax unified
  62              		.thumb
  63              		.thumb_func
  65              	SystemClock_Config:
  66              	.LFB131:
  90:Core/Src/main.c ****   RCC_OscInitTypeDef RCC_OscInitStruct = {0};
  67              		.loc 1 90 1 view -0
  68              		.cfi_startproc
  69              		@ args = 0, pretend = 0, frame = 80
  70              		@ frame_needed = 0, uses_anonymous_args = 0
  71 0000 00B5     		push	{lr}
  72              	.LCFI0:
  73              		.cfi_def_cfa_offset 4
  74              		.cfi_offset 14, -4
  75 0002 95B0     		sub	sp, sp, #84
  76              	.LCFI1:
  77              		.cfi_def_cfa_offset 88
  91:Core/Src/main.c ****   RCC_ClkInitTypeDef RCC_ClkInitStruct = {0};
  78              		.loc 1 91 3 view .LVU8
  91:Core/Src/main.c ****   RCC_ClkInitTypeDef RCC_ClkInitStruct = {0};
  79              		.loc 1 91 22 is_stmt 0 view .LVU9
  80 0004 3022     		movs	r2, #48
  81 0006 0021     		movs	r1, #0
  82 0008 08A8     		add	r0, sp, #32
  83 000a FFF7FEFF 		bl	memset
  84              	.LVL0:
  92:Core/Src/main.c **** 
  85              		.loc 1 92 3 is_stmt 1 view .LVU10
  92:Core/Src/main.c **** 
  86              		.loc 1 92 22 is_stmt 0 view .LVU11
  87 000e 0023     		movs	r3, #0
  88 0010 0393     		str	r3, [sp, #12]
  89 0012 0493     		str	r3, [sp, #16]
  90 0014 0593     		str	r3, [sp, #20]
  91 0016 0693     		str	r3, [sp, #24]
  92 0018 0793     		str	r3, [sp, #28]
  96:Core/Src/main.c ****   __HAL_PWR_VOLTAGESCALING_CONFIG(PWR_REGULATOR_VOLTAGE_SCALE3);
  93              		.loc 1 96 3 is_stmt 1 view .LVU12
  94              	.LBB6:
  96:Core/Src/main.c ****   __HAL_PWR_VOLTAGESCALING_CONFIG(PWR_REGULATOR_VOLTAGE_SCALE3);
  95              		.loc 1 96 3 view .LVU13
  96 001a 0193     		str	r3, [sp, #4]
  96:Core/Src/main.c ****   __HAL_PWR_VOLTAGESCALING_CONFIG(PWR_REGULATOR_VOLTAGE_SCALE3);
  97              		.loc 1 96 3 view .LVU14
  98 001c 204A     		ldr	r2, .L9
  99 001e 116C     		ldr	r1, [r2, #64]
 100 0020 41F08051 		orr	r1, r1, #268435456
 101 0024 1164     		str	r1, [r2, #64]
  96:Core/Src/main.c ****   __HAL_PWR_VOLTAGESCALING_CONFIG(PWR_REGULATOR_VOLTAGE_SCALE3);
 102              		.loc 1 96 3 view .LVU15
 103 0026 126C     		ldr	r2, [r2, #64]
 104 0028 02F08052 		and	r2, r2, #268435456
 105 002c 0192     		str	r2, [sp, #4]
ARM GAS  /tmp/ccWddMPJ.s 			page 8


  96:Core/Src/main.c ****   __HAL_PWR_VOLTAGESCALING_CONFIG(PWR_REGULATOR_VOLTAGE_SCALE3);
 106              		.loc 1 96 3 view .LVU16
 107 002e 019A     		ldr	r2, [sp, #4]
 108              	.LBE6:
  96:Core/Src/main.c ****   __HAL_PWR_VOLTAGESCALING_CONFIG(PWR_REGULATOR_VOLTAGE_SCALE3);
 109              		.loc 1 96 3 view .LVU17
  97:Core/Src/main.c **** 
 110              		.loc 1 97 3 view .LVU18
 111              	.LBB7:
  97:Core/Src/main.c **** 
 112              		.loc 1 97 3 view .LVU19
 113 0030 0293     		str	r3, [sp, #8]
  97:Core/Src/main.c **** 
 114              		.loc 1 97 3 view .LVU20
 115 0032 1C4A     		ldr	r2, .L9+4
 116 0034 1368     		ldr	r3, [r2]
 117 0036 23F44043 		bic	r3, r3, #49152
 118 003a 43F48043 		orr	r3, r3, #16384
 119 003e 1360     		str	r3, [r2]
  97:Core/Src/main.c **** 
 120              		.loc 1 97 3 view .LVU21
 121 0040 1368     		ldr	r3, [r2]
 122 0042 03F44043 		and	r3, r3, #49152
 123 0046 0293     		str	r3, [sp, #8]
  97:Core/Src/main.c **** 
 124              		.loc 1 97 3 view .LVU22
 125 0048 029B     		ldr	r3, [sp, #8]
 126              	.LBE7:
  97:Core/Src/main.c **** 
 127              		.loc 1 97 3 view .LVU23
 102:Core/Src/main.c ****   RCC_OscInitStruct.HSEState = RCC_HSE_ON;
 128              		.loc 1 102 3 view .LVU24
 102:Core/Src/main.c ****   RCC_OscInitStruct.HSEState = RCC_HSE_ON;
 129              		.loc 1 102 36 is_stmt 0 view .LVU25
 130 004a 0123     		movs	r3, #1
 131 004c 0893     		str	r3, [sp, #32]
 103:Core/Src/main.c ****   RCC_OscInitStruct.PLL.PLLState = RCC_PLL_ON;
 132              		.loc 1 103 3 is_stmt 1 view .LVU26
 103:Core/Src/main.c ****   RCC_OscInitStruct.PLL.PLLState = RCC_PLL_ON;
 133              		.loc 1 103 30 is_stmt 0 view .LVU27
 134 004e 4FF48033 		mov	r3, #65536
 135 0052 0993     		str	r3, [sp, #36]
 104:Core/Src/main.c ****   RCC_OscInitStruct.PLL.PLLSource = RCC_PLLSOURCE_HSE;
 136              		.loc 1 104 3 is_stmt 1 view .LVU28
 104:Core/Src/main.c ****   RCC_OscInitStruct.PLL.PLLSource = RCC_PLLSOURCE_HSE;
 137              		.loc 1 104 34 is_stmt 0 view .LVU29
 138 0054 0222     		movs	r2, #2
 139 0056 0E92     		str	r2, [sp, #56]
 105:Core/Src/main.c ****   RCC_OscInitStruct.PLL.PLLM = 4;
 140              		.loc 1 105 3 is_stmt 1 view .LVU30
 105:Core/Src/main.c ****   RCC_OscInitStruct.PLL.PLLM = 4;
 141              		.loc 1 105 35 is_stmt 0 view .LVU31
 142 0058 4FF48003 		mov	r3, #4194304
 143 005c 0F93     		str	r3, [sp, #60]
 106:Core/Src/main.c ****   RCC_OscInitStruct.PLL.PLLN = 50;
 144              		.loc 1 106 3 is_stmt 1 view .LVU32
 106:Core/Src/main.c ****   RCC_OscInitStruct.PLL.PLLN = 50;
ARM GAS  /tmp/ccWddMPJ.s 			page 9


 145              		.loc 1 106 30 is_stmt 0 view .LVU33
 146 005e 0423     		movs	r3, #4
 147 0060 1093     		str	r3, [sp, #64]
 107:Core/Src/main.c ****   RCC_OscInitStruct.PLL.PLLP = RCC_PLLP_DIV2;
 148              		.loc 1 107 3 is_stmt 1 view .LVU34
 107:Core/Src/main.c ****   RCC_OscInitStruct.PLL.PLLP = RCC_PLLP_DIV2;
 149              		.loc 1 107 30 is_stmt 0 view .LVU35
 150 0062 3221     		movs	r1, #50
 151 0064 1191     		str	r1, [sp, #68]
 108:Core/Src/main.c ****   RCC_OscInitStruct.PLL.PLLQ = 4;
 152              		.loc 1 108 3 is_stmt 1 view .LVU36
 108:Core/Src/main.c ****   RCC_OscInitStruct.PLL.PLLQ = 4;
 153              		.loc 1 108 30 is_stmt 0 view .LVU37
 154 0066 1292     		str	r2, [sp, #72]
 109:Core/Src/main.c ****   if (HAL_RCC_OscConfig(&RCC_OscInitStruct) != HAL_OK)
 155              		.loc 1 109 3 is_stmt 1 view .LVU38
 109:Core/Src/main.c ****   if (HAL_RCC_OscConfig(&RCC_OscInitStruct) != HAL_OK)
 156              		.loc 1 109 30 is_stmt 0 view .LVU39
 157 0068 1393     		str	r3, [sp, #76]
 110:Core/Src/main.c ****   {
 158              		.loc 1 110 3 is_stmt 1 view .LVU40
 110:Core/Src/main.c ****   {
 159              		.loc 1 110 7 is_stmt 0 view .LVU41
 160 006a 08A8     		add	r0, sp, #32
 161 006c FFF7FEFF 		bl	HAL_RCC_OscConfig
 162              	.LVL1:
 110:Core/Src/main.c ****   {
 163              		.loc 1 110 6 view .LVU42
 164 0070 88B9     		cbnz	r0, .L7
 117:Core/Src/main.c ****                               |RCC_CLOCKTYPE_PCLK1|RCC_CLOCKTYPE_PCLK2;
 165              		.loc 1 117 3 is_stmt 1 view .LVU43
 117:Core/Src/main.c ****                               |RCC_CLOCKTYPE_PCLK1|RCC_CLOCKTYPE_PCLK2;
 166              		.loc 1 117 31 is_stmt 0 view .LVU44
 167 0072 0F23     		movs	r3, #15
 168 0074 0393     		str	r3, [sp, #12]
 119:Core/Src/main.c ****   RCC_ClkInitStruct.AHBCLKDivider = RCC_SYSCLK_DIV1;
 169              		.loc 1 119 3 is_stmt 1 view .LVU45
 119:Core/Src/main.c ****   RCC_ClkInitStruct.AHBCLKDivider = RCC_SYSCLK_DIV1;
 170              		.loc 1 119 34 is_stmt 0 view .LVU46
 171 0076 0223     		movs	r3, #2
 172 0078 0493     		str	r3, [sp, #16]
 120:Core/Src/main.c ****   RCC_ClkInitStruct.APB1CLKDivider = RCC_HCLK_DIV2;
 173              		.loc 1 120 3 is_stmt 1 view .LVU47
 120:Core/Src/main.c ****   RCC_ClkInitStruct.APB1CLKDivider = RCC_HCLK_DIV2;
 174              		.loc 1 120 35 is_stmt 0 view .LVU48
 175 007a 0023     		movs	r3, #0
 176 007c 0593     		str	r3, [sp, #20]
 121:Core/Src/main.c ****   RCC_ClkInitStruct.APB2CLKDivider = RCC_HCLK_DIV1;
 177              		.loc 1 121 3 is_stmt 1 view .LVU49
 121:Core/Src/main.c ****   RCC_ClkInitStruct.APB2CLKDivider = RCC_HCLK_DIV1;
 178              		.loc 1 121 36 is_stmt 0 view .LVU50
 179 007e 4FF48052 		mov	r2, #4096
 180 0082 0692     		str	r2, [sp, #24]
 122:Core/Src/main.c **** 
 181              		.loc 1 122 3 is_stmt 1 view .LVU51
 122:Core/Src/main.c **** 
 182              		.loc 1 122 36 is_stmt 0 view .LVU52
ARM GAS  /tmp/ccWddMPJ.s 			page 10


 183 0084 0793     		str	r3, [sp, #28]
 124:Core/Src/main.c ****   {
 184              		.loc 1 124 3 is_stmt 1 view .LVU53
 124:Core/Src/main.c ****   {
 185              		.loc 1 124 7 is_stmt 0 view .LVU54
 186 0086 0121     		movs	r1, #1
 187 0088 03A8     		add	r0, sp, #12
 188 008a FFF7FEFF 		bl	HAL_RCC_ClockConfig
 189              	.LVL2:
 124:Core/Src/main.c ****   {
 190              		.loc 1 124 6 view .LVU55
 191 008e 20B9     		cbnz	r0, .L8
 128:Core/Src/main.c **** 
 192              		.loc 1 128 1 view .LVU56
 193 0090 15B0     		add	sp, sp, #84
 194              	.LCFI2:
 195              		.cfi_remember_state
 196              		.cfi_def_cfa_offset 4
 197              		@ sp needed
 198 0092 5DF804FB 		ldr	pc, [sp], #4
 199              	.L7:
 200              	.LCFI3:
 201              		.cfi_restore_state
 112:Core/Src/main.c ****   }
 202              		.loc 1 112 5 is_stmt 1 view .LVU57
 203 0096 FFF7FEFF 		bl	Error_Handler
 204              	.LVL3:
 205              	.L8:
 126:Core/Src/main.c ****   }
 206              		.loc 1 126 5 view .LVU58
 207 009a FFF7FEFF 		bl	Error_Handler
 208              	.LVL4:
 209              	.L10:
 210 009e 00BF     		.align	2
 211              	.L9:
 212 00a0 00380240 		.word	1073887232
 213 00a4 00700040 		.word	1073770496
 214              		.cfi_endproc
 215              	.LFE131:
 217              		.section	.text.main,"ax",%progbits
 218              		.align	1
 219              		.global	main
 220              		.syntax unified
 221              		.thumb
 222              		.thumb_func
 224              	main:
 225              	.LFB130:
  56:Core/Src/main.c ****     
 226              		.loc 1 56 16 view -0
 227              		.cfi_startproc
 228              		@ args = 0, pretend = 0, frame = 0
 229              		@ frame_needed = 0, uses_anonymous_args = 0
 230 0000 08B5     		push	{r3, lr}
 231              	.LCFI4:
 232              		.cfi_def_cfa_offset 8
 233              		.cfi_offset 3, -8
 234              		.cfi_offset 14, -4
ARM GAS  /tmp/ccWddMPJ.s 			page 11


  58:Core/Src/main.c ****     SystemClock_Config();
 235              		.loc 1 58 5 view .LVU60
 236 0002 FFF7FEFF 		bl	HAL_Init
 237              	.LVL5:
  59:Core/Src/main.c ****     MX_GPIO_Init();
 238              		.loc 1 59 5 view .LVU61
 239 0006 FFF7FEFF 		bl	SystemClock_Config
 240              	.LVL6:
  60:Core/Src/main.c ****     gpio_led_state(GPIO_RED_ID, TURN_ON);
 241              		.loc 1 60 5 view .LVU62
 242 000a FFF7FEFF 		bl	MX_GPIO_Init
 243              	.LVL7:
  61:Core/Src/main.c ****     gpio_led_state(GPIO_GREEN_ID, TURN_ON);
 244              		.loc 1 61 5 view .LVU63
 245 000e 0121     		movs	r1, #1
 246 0010 0220     		movs	r0, #2
 247 0012 FFF7FEFF 		bl	gpio_led_state
 248              	.LVL8:
  62:Core/Src/main.c **** 
 249              		.loc 1 62 5 view .LVU64
 250 0016 0121     		movs	r1, #1
 251 0018 0846     		mov	r0, r1
 252 001a FFF7FEFF 		bl	gpio_led_state
 253              	.LVL9:
 254 001e 19E0     		b	.L16
 255              	.LVL10:
 256              	.L13:
  66:Core/Src/main.c ****         gpio_led_state(GPIO_GREEN_ID, TURN_OFF);
 257              		.loc 1 66 35 discriminator 3 view .LVU65
 258 0020 0133     		adds	r3, r3, #1
 259              	.LVL11:
 260              	.L12:
  66:Core/Src/main.c ****         gpio_led_state(GPIO_GREEN_ID, TURN_OFF);
 261              		.loc 1 66 23 discriminator 1 view .LVU66
 262 0022 0D4A     		ldr	r2, .L18
 263 0024 9342     		cmp	r3, r2
 264 0026 FBD9     		bls	.L13
  67:Core/Src/main.c ****         gpio_led_state(GPIO_RED_ID, TURN_ON);
 265              		.loc 1 67 9 view .LVU67
 266 0028 0021     		movs	r1, #0
 267 002a 0120     		movs	r0, #1
 268 002c FFF7FEFF 		bl	gpio_led_state
 269              	.LVL12:
  68:Core/Src/main.c **** 
 270              		.loc 1 68 9 view .LVU68
 271 0030 0121     		movs	r1, #1
 272 0032 0220     		movs	r0, #2
 273 0034 FFF7FEFF 		bl	gpio_led_state
 274              	.LVL13:
  70:Core/Src/main.c ****         gpio_led_state(GPIO_GREEN_ID, TURN_ON);
 275              		.loc 1 70 9 view .LVU69
  70:Core/Src/main.c ****         gpio_led_state(GPIO_GREEN_ID, TURN_ON);
 276              		.loc 1 70 17 is_stmt 0 view .LVU70
 277 0038 0023     		movs	r3, #0
  70:Core/Src/main.c ****         gpio_led_state(GPIO_GREEN_ID, TURN_ON);
 278              		.loc 1 70 9 view .LVU71
 279 003a 00E0     		b	.L14
ARM GAS  /tmp/ccWddMPJ.s 			page 12


 280              	.LVL14:
 281              	.L15:
  70:Core/Src/main.c ****         gpio_led_state(GPIO_GREEN_ID, TURN_ON);
 282              		.loc 1 70 36 is_stmt 1 discriminator 3 view .LVU72
 283 003c 0133     		adds	r3, r3, #1
 284              	.LVL15:
 285              	.L14:
  70:Core/Src/main.c ****         gpio_led_state(GPIO_GREEN_ID, TURN_ON);
 286              		.loc 1 70 24 discriminator 1 view .LVU73
 287 003e 064A     		ldr	r2, .L18
 288 0040 9342     		cmp	r3, r2
 289 0042 FBD9     		bls	.L15
  71:Core/Src/main.c ****         gpio_led_state(GPIO_RED_ID, TURN_OFF);
 290              		.loc 1 71 9 view .LVU74
 291 0044 0121     		movs	r1, #1
 292 0046 0846     		mov	r0, r1
 293 0048 FFF7FEFF 		bl	gpio_led_state
 294              	.LVL16:
  72:Core/Src/main.c **** 
 295              		.loc 1 72 9 view .LVU75
 296 004c 0021     		movs	r1, #0
 297 004e 0220     		movs	r0, #2
 298 0050 FFF7FEFF 		bl	gpio_led_state
 299              	.LVL17:
  65:Core/Src/main.c ****         for (i = 0; i < 1000000; i++);
 300              		.loc 1 65 10 view .LVU76
 301              	.L16:
  64:Core/Src/main.c ****     while(1) {
 302              		.loc 1 64 5 view .LVU77
  65:Core/Src/main.c ****         for (i = 0; i < 1000000; i++);
 303              		.loc 1 65 5 view .LVU78
  66:Core/Src/main.c ****         gpio_led_state(GPIO_GREEN_ID, TURN_OFF);
 304              		.loc 1 66 9 view .LVU79
  66:Core/Src/main.c ****         gpio_led_state(GPIO_GREEN_ID, TURN_OFF);
 305              		.loc 1 66 16 is_stmt 0 view .LVU80
 306 0054 0023     		movs	r3, #0
  66:Core/Src/main.c ****         gpio_led_state(GPIO_GREEN_ID, TURN_OFF);
 307              		.loc 1 66 9 view .LVU81
 308 0056 E4E7     		b	.L12
 309              	.L19:
 310              		.align	2
 311              	.L18:
 312 0058 3F420F00 		.word	999999
 313              		.cfi_endproc
 314              	.LFE130:
 316              		.text
 317              	.Letext0:
 318              		.file 3 "/usr/arm-none-eabi/include/machine/_default_types.h"
 319              		.file 4 "/usr/arm-none-eabi/include/sys/_stdint.h"
 320              		.file 5 "Drivers/CMSIS/Device/ST/STM32F4xx/Include/stm32f427xx.h"
 321              		.file 6 "Drivers/STM32F4xx_HAL_Driver/Inc/stm32f4xx_hal_def.h"
 322              		.file 7 "Drivers/STM32F4xx_HAL_Driver/Inc/stm32f4xx_hal_rcc_ex.h"
 323              		.file 8 "Drivers/STM32F4xx_HAL_Driver/Inc/stm32f4xx_hal_rcc.h"
 324              		.file 9 "Core/Inc/gpio.h"
 325              		.file 10 "Drivers/STM32F4xx_HAL_Driver/Inc/stm32f4xx_hal.h"
 326              		.file 11 "<built-in>"
ARM GAS  /tmp/ccWddMPJ.s 			page 13


DEFINED SYMBOLS
                            *ABS*:0000000000000000 main.c
     /tmp/ccWddMPJ.s:21     .text.Error_Handler:0000000000000000 $t
     /tmp/ccWddMPJ.s:27     .text.Error_Handler:0000000000000000 Error_Handler
     /tmp/ccWddMPJ.s:59     .text.SystemClock_Config:0000000000000000 $t
     /tmp/ccWddMPJ.s:65     .text.SystemClock_Config:0000000000000000 SystemClock_Config
     /tmp/ccWddMPJ.s:212    .text.SystemClock_Config:00000000000000a0 $d
     /tmp/ccWddMPJ.s:218    .text.main:0000000000000000 $t
     /tmp/ccWddMPJ.s:224    .text.main:0000000000000000 main
     /tmp/ccWddMPJ.s:312    .text.main:0000000000000058 $d

UNDEFINED SYMBOLS
memset
HAL_RCC_OscConfig
HAL_RCC_ClockConfig
HAL_Init
MX_GPIO_Init
gpio_led_state
